<?xml version="1.0" encoding="UTF-8"?>
<!-- Generated by org.testng.reporters.JUnitReportReporter -->
<testsuite hostname="YCSLAP0801" failures="0" tests="1" name="com.yethi.tenjin.test.Loginin" time="0.501" errors="0" timestamp="2024-01-31T10:25:41 IST" skipped="0">
  <testcase classname="com.yethi.tenjin.test.Loginin" name="test" time="0.501"/>
</testsuite> <!-- com.yethi.tenjin.test.Loginin -->
