<?xml version="1.0" encoding="UTF-8"?>
<!-- Generated by org.testng.reporters.JUnitReportReporter -->
<testsuite hostname="YCSLAP0801" failures="0" tests="1" name="com.blaze.test.HpageTest" time="18.769" errors="0" timestamp="2024-02-13T14:48:02 IST" skipped="0">
  <testcase classname="com.blaze.test.HpageTest" name="Assessment" time="18.769"/>
</testsuite> <!-- com.blaze.test.HpageTest -->
